{"C:\\code\\learning\\rsnode\\02-jest-tests\\my_ciphering_cli.js": {"path":"C:\\code\\learning\\rsnode\\02-jest-tests\\my_ciphering_cli.js","statementMap":{"0":{"start":{"line":2,"column":11},"end":{"line":2,"column":24}},"1":{"start":{"line":3,"column":21},"end":{"line":3,"column":38}},"2":{"start":{"line":5,"column":24},"end":{"line":5,"column":54}},"3":{"start":{"line":6,"column":33},"end":{"line":6,"column":51}},"4":{"start":{"line":8,"column":29},"end":{"line":8,"column":42}},"5":{"start":{"line":9,"column":30},"end":{"line":9,"column":43}},"6":{"start":{"line":11,"column":23},"end":{"line":11,"column":54}},"7":{"start":{"line":12,"column":24},"end":{"line":12,"column":56}},"8":{"start":{"line":15,"column":23},"end":{"line":15,"column":55}},"9":{"start":{"line":18,"column":24},"end":{"line":18,"column":57}},"10":{"start":{"line":22,"column":0},"end":{"line":54,"column":1}},"11":{"start":{"line":24,"column":4},"end":{"line":24,"column":30}},"12":{"start":{"line":25,"column":4},"end":{"line":25,"column":31}},"13":{"start":{"line":27,"column":4},"end":{"line":29,"column":28}},"14":{"start":{"line":28,"column":23},"end":{"line":28,"column":60}},"15":{"start":{"line":29,"column":11},"end":{"line":29,"column":28}},"16":{"start":{"line":31,"column":4},"end":{"line":35,"column":29}},"17":{"start":{"line":32,"column":23},"end":{"line":32,"column":78}},"18":{"start":{"line":33,"column":11},"end":{"line":35,"column":29}},"19":{"start":{"line":34,"column":8},"end":{"line":34,"column":49}},"20":{"start":{"line":35,"column":11},"end":{"line":35,"column":29}},"21":{"start":{"line":37,"column":4},"end":{"line":47,"column":6}},"22":{"start":{"line":42,"column":12},"end":{"line":45,"column":13}},"23":{"start":{"line":43,"column":16},"end":{"line":43,"column":34}},"24":{"start":{"line":44,"column":16},"end":{"line":44,"column":32}},"25":{"start":{"line":48,"column":4},"end":{"line":48,"column":20}},"26":{"start":{"line":49,"column":4},"end":{"line":49,"column":38}},"27":{"start":{"line":50,"column":4},"end":{"line":50,"column":20}},"28":{"start":{"line":52,"column":8},"end":{"line":52,"column":34}},"29":{"start":{"line":53,"column":8},"end":{"line":53,"column":24}}},"fnMap":{"0":{"name":"(anonymous_0)","decl":{"start":{"line":41,"column":8},"end":{"line":41,"column":9}},"loc":{"start":{"line":41,"column":17},"end":{"line":46,"column":9}},"line":41}},"branchMap":{"0":{"loc":{"start":{"line":27,"column":4},"end":{"line":29,"column":28}},"type":"if","locations":[{"start":{"line":27,"column":4},"end":{"line":29,"column":28}},{"start":{"line":29,"column":11},"end":{"line":29,"column":28}}],"line":27},"1":{"loc":{"start":{"line":31,"column":4},"end":{"line":35,"column":29}},"type":"if","locations":[{"start":{"line":31,"column":4},"end":{"line":35,"column":29}},{"start":{"line":33,"column":11},"end":{"line":35,"column":29}}],"line":31},"2":{"loc":{"start":{"line":33,"column":11},"end":{"line":35,"column":29}},"type":"if","locations":[{"start":{"line":33,"column":11},"end":{"line":35,"column":29}},{"start":{"line":35,"column":11},"end":{"line":35,"column":29}}],"line":33},"3":{"loc":{"start":{"line":42,"column":12},"end":{"line":45,"column":13}},"type":"if","locations":[{"start":{"line":42,"column":12},"end":{"line":45,"column":13}},{"start":{},"end":{}}],"line":42}},"s":{"0":0,"1":0,"2":0,"3":0,"4":0,"5":0,"6":0,"7":0,"8":0,"9":0,"10":0,"11":0,"12":0,"13":0,"14":0,"15":0,"16":0,"17":0,"18":0,"19":0,"20":0,"21":0,"22":0,"23":0,"24":0,"25":0,"26":0,"27":0,"28":0,"29":0},"f":{"0":0},"b":{"0":[0,0],"1":[0,0],"2":[0,0],"3":[0,0]}}
,"C:\\code\\learning\\rsnode\\02-jest-tests\\src\\configDecoder.js": {"path":"C:\\code\\learning\\rsnode\\02-jest-tests\\src\\configDecoder.js","statementMap":{"0":{"start":{"line":1,"column":15},"end":{"line":1,"column":47}},"1":{"start":{"line":2,"column":18},"end":{"line":2,"column":53}},"2":{"start":{"line":3,"column":15},"end":{"line":3,"column":47}},"3":{"start":{"line":4,"column":13},"end":{"line":4,"column":43}},"4":{"start":{"line":5,"column":16},"end":{"line":5,"column":49}},"5":{"start":{"line":7,"column":24},"end":{"line":7,"column":52}},"6":{"start":{"line":10,"column":18},"end":{"line":10,"column":47}},"7":{"start":{"line":34,"column":0},"end":{"line":34,"column":16}},"8":{"start":{"line":35,"column":0},"end":{"line":35,"column":40}},"9":{"start":{"line":36,"column":0},"end":{"line":36,"column":16}},"10":{"start":{"line":37,"column":0},"end":{"line":37,"column":59}},"11":{"start":{"line":40,"column":18},"end":{"line":40,"column":20}},"12":{"start":{"line":42,"column":0},"end":{"line":70,"column":1}},"13":{"start":{"line":42,"column":16},"end":{"line":42,"column":17}},"14":{"start":{"line":43,"column":2},"end":{"line":43,"column":33}},"15":{"start":{"line":45,"column":2},"end":{"line":69,"column":3}},"16":{"start":{"line":47,"column":6},"end":{"line":47,"column":38}},"17":{"start":{"line":48,"column":6},"end":{"line":48,"column":39}},"18":{"start":{"line":49,"column":6},"end":{"line":49,"column":12}},"19":{"start":{"line":51,"column":6},"end":{"line":51,"column":35}},"20":{"start":{"line":52,"column":6},"end":{"line":52,"column":33}},"21":{"start":{"line":53,"column":6},"end":{"line":53,"column":12}},"22":{"start":{"line":55,"column":6},"end":{"line":55,"column":35}},"23":{"start":{"line":56,"column":6},"end":{"line":56,"column":32}},"24":{"start":{"line":57,"column":6},"end":{"line":57,"column":12}},"25":{"start":{"line":59,"column":6},"end":{"line":59,"column":36}},"26":{"start":{"line":60,"column":6},"end":{"line":60,"column":37}},"27":{"start":{"line":61,"column":6},"end":{"line":61,"column":12}},"28":{"start":{"line":63,"column":6},"end":{"line":63,"column":33}},"29":{"start":{"line":65,"column":6},"end":{"line":65,"column":31}},"30":{"start":{"line":66,"column":6},"end":{"line":66,"column":12}},"31":{"start":{"line":68,"column":6},"end":{"line":68,"column":68}},"32":{"start":{"line":73,"column":0},"end":{"line":73,"column":33}}},"fnMap":{},"branchMap":{"0":{"loc":{"start":{"line":45,"column":2},"end":{"line":69,"column":3}},"type":"switch","locations":[{"start":{"line":46,"column":4},"end":{"line":49,"column":12}},{"start":{"line":50,"column":4},"end":{"line":53,"column":12}},{"start":{"line":54,"column":4},"end":{"line":57,"column":12}},{"start":{"line":58,"column":4},"end":{"line":61,"column":12}},{"start":{"line":62,"column":4},"end":{"line":66,"column":12}},{"start":{"line":67,"column":4},"end":{"line":68,"column":68}}],"line":45}},"s":{"0":0,"1":0,"2":0,"3":0,"4":0,"5":0,"6":0,"7":0,"8":0,"9":0,"10":0,"11":0,"12":0,"13":0,"14":0,"15":0,"16":0,"17":0,"18":0,"19":0,"20":0,"21":0,"22":0,"23":0,"24":0,"25":0,"26":0,"27":0,"28":0,"29":0,"30":0,"31":0,"32":0},"f":{},"b":{"0":[0,0,0,0,0,0]}}
,"C:\\code\\learning\\rsnode\\02-jest-tests\\src\\validatorconfig.js": {"path":"C:\\code\\learning\\rsnode\\02-jest-tests\\src\\validatorconfig.js","statementMap":{"0":{"start":{"line":1,"column":0},"end":{"line":26,"column":1}},"1":{"start":{"line":3,"column":23},"end":{"line":3,"column":25}},"2":{"start":{"line":5,"column":8},"end":{"line":22,"column":11}},"3":{"start":{"line":7,"column":12},"end":{"line":12,"column":13}},"4":{"start":{"line":11,"column":16},"end":{"line":11,"column":89}},"5":{"start":{"line":14,"column":12},"end":{"line":20,"column":13}},"6":{"start":{"line":15,"column":16},"end":{"line":15,"column":58}},"7":{"start":{"line":16,"column":21},"end":{"line":20,"column":13}},"8":{"start":{"line":17,"column":16},"end":{"line":17,"column":64}},"9":{"start":{"line":19,"column":16},"end":{"line":19,"column":116}},"10":{"start":{"line":24,"column":4},"end":{"line":24,"column":35}}},"fnMap":{"0":{"name":"configValidate","decl":{"start":{"line":1,"column":26},"end":{"line":1,"column":40}},"loc":{"start":{"line":1,"column":47},"end":{"line":26,"column":1}},"line":1},"1":{"name":"(anonymous_1)","decl":{"start":{"line":5,"column":18},"end":{"line":5,"column":19}},"loc":{"start":{"line":5,"column":41},"end":{"line":22,"column":9}},"line":5}},"branchMap":{"0":{"loc":{"start":{"line":7,"column":12},"end":{"line":12,"column":13}},"type":"if","locations":[{"start":{"line":7,"column":12},"end":{"line":12,"column":13}},{"start":{},"end":{}}],"line":7},"1":{"loc":{"start":{"line":8,"column":16},"end":{"line":9,"column":78}},"type":"binary-expr","locations":[{"start":{"line":8,"column":18},"end":{"line":8,"column":61}},{"start":{"line":9,"column":21},"end":{"line":9,"column":76}}],"line":8},"2":{"loc":{"start":{"line":14,"column":12},"end":{"line":20,"column":13}},"type":"if","locations":[{"start":{"line":14,"column":12},"end":{"line":20,"column":13}},{"start":{"line":16,"column":21},"end":{"line":20,"column":13}}],"line":14},"3":{"loc":{"start":{"line":16,"column":21},"end":{"line":20,"column":13}},"type":"if","locations":[{"start":{"line":16,"column":21},"end":{"line":20,"column":13}},{"start":{"line":18,"column":21},"end":{"line":20,"column":13}}],"line":16}},"s":{"0":0,"1":0,"2":0,"3":0,"4":0,"5":0,"6":0,"7":0,"8":0,"9":0,"10":0},"f":{"0":0,"1":0},"b":{"0":[0,0],"1":[0,0],"2":[0,0],"3":[0,0]}}
,"C:\\code\\learning\\rsnode\\02-jest-tests\\src\\validatorinput.js": {"path":"C:\\code\\learning\\rsnode\\02-jest-tests\\src\\validatorinput.js","statementMap":{"0":{"start":{"line":1,"column":13},"end":{"line":1,"column":28}},"1":{"start":{"line":2,"column":11},"end":{"line":2,"column":24}},"2":{"start":{"line":3,"column":25},"end":{"line":3,"column":43}},"3":{"start":{"line":5,"column":0},"end":{"line":39,"column":1}},"4":{"start":{"line":8,"column":4},"end":{"line":8,"column":19}},"5":{"start":{"line":9,"column":4},"end":{"line":9,"column":25}},"6":{"start":{"line":10,"column":4},"end":{"line":10,"column":21}},"7":{"start":{"line":16,"column":4},"end":{"line":35,"column":7}},"8":{"start":{"line":18,"column":24},"end":{"line":18,"column":28}},"9":{"start":{"line":20,"column":6},"end":{"line":29,"column":7}},"10":{"start":{"line":22,"column":8},"end":{"line":24,"column":9}},"11":{"start":{"line":23,"column":10},"end":{"line":23,"column":76}},"12":{"start":{"line":26,"column":8},"end":{"line":26,"column":61}},"13":{"start":{"line":27,"column":8},"end":{"line":27,"column":26}},"14":{"start":{"line":31,"column":6},"end":{"line":33,"column":7}},"15":{"start":{"line":32,"column":8},"end":{"line":32,"column":33}}},"fnMap":{"0":{"name":"(anonymous_0)","decl":{"start":{"line":7,"column":2},"end":{"line":7,"column":3}},"loc":{"start":{"line":7,"column":21},"end":{"line":11,"column":3}},"line":7},"1":{"name":"(anonymous_1)","decl":{"start":{"line":14,"column":2},"end":{"line":14,"column":3}},"loc":{"start":{"line":14,"column":13},"end":{"line":37,"column":3}},"line":14},"2":{"name":"(anonymous_2)","decl":{"start":{"line":16,"column":23},"end":{"line":16,"column":24}},"loc":{"start":{"line":16,"column":46},"end":{"line":35,"column":5}},"line":16}},"branchMap":{"0":{"loc":{"start":{"line":20,"column":6},"end":{"line":29,"column":7}},"type":"if","locations":[{"start":{"line":20,"column":6},"end":{"line":29,"column":7}},{"start":{},"end":{}}],"line":20},"1":{"loc":{"start":{"line":20,"column":11},"end":{"line":20,"column":48}},"type":"binary-expr","locations":[{"start":{"line":20,"column":12},"end":{"line":20,"column":24}},{"start":{"line":20,"column":30},"end":{"line":20,"column":47}}],"line":20},"2":{"loc":{"start":{"line":22,"column":8},"end":{"line":24,"column":9}},"type":"if","locations":[{"start":{"line":22,"column":8},"end":{"line":24,"column":9}},{"start":{},"end":{}}],"line":22},"3":{"loc":{"start":{"line":31,"column":6},"end":{"line":33,"column":7}},"type":"if","locations":[{"start":{"line":31,"column":6},"end":{"line":33,"column":7}},{"start":{},"end":{}}],"line":31}},"s":{"0":1,"1":1,"2":1,"3":1,"4":2,"5":2,"6":2,"7":3,"8":21,"9":21,"10":3,"11":1,"12":3,"13":3,"14":21,"15":1},"f":{"0":2,"1":3,"2":21},"b":{"0":[3,18],"1":[21,18],"2":[1,2],"3":[1,20]},"_coverageSchema":"1a1c01bbd47fc00a2c39e90264f33305004495a9","hash":"0d10ee93e8dbbaf449f9fea62b276bcf53544767"}
,"C:\\code\\learning\\rsnode\\02-jest-tests\\src\\validatoroutput.js": {"path":"C:\\code\\learning\\rsnode\\02-jest-tests\\src\\validatoroutput.js","statementMap":{"0":{"start":{"line":1,"column":13},"end":{"line":1,"column":28}},"1":{"start":{"line":2,"column":11},"end":{"line":2,"column":24}},"2":{"start":{"line":3,"column":25},"end":{"line":3,"column":43}},"3":{"start":{"line":5,"column":0},"end":{"line":39,"column":1}},"4":{"start":{"line":8,"column":4},"end":{"line":8,"column":19}},"5":{"start":{"line":9,"column":4},"end":{"line":9,"column":22}},"6":{"start":{"line":10,"column":4},"end":{"line":10,"column":25}},"7":{"start":{"line":11,"column":4},"end":{"line":11,"column":21}},"8":{"start":{"line":16,"column":4},"end":{"line":35,"column":7}},"9":{"start":{"line":18,"column":24},"end":{"line":18,"column":28}},"10":{"start":{"line":20,"column":6},"end":{"line":29,"column":7}},"11":{"start":{"line":22,"column":8},"end":{"line":24,"column":9}},"12":{"start":{"line":23,"column":10},"end":{"line":23,"column":77}},"13":{"start":{"line":26,"column":8},"end":{"line":26,"column":61}},"14":{"start":{"line":27,"column":8},"end":{"line":27,"column":26}},"15":{"start":{"line":31,"column":6},"end":{"line":33,"column":7}},"16":{"start":{"line":32,"column":8},"end":{"line":32,"column":33}}},"fnMap":{"0":{"name":"(anonymous_0)","decl":{"start":{"line":7,"column":2},"end":{"line":7,"column":3}},"loc":{"start":{"line":7,"column":21},"end":{"line":12,"column":3}},"line":7},"1":{"name":"(anonymous_1)","decl":{"start":{"line":14,"column":2},"end":{"line":14,"column":3}},"loc":{"start":{"line":14,"column":13},"end":{"line":37,"column":3}},"line":14},"2":{"name":"(anonymous_2)","decl":{"start":{"line":16,"column":19},"end":{"line":16,"column":20}},"loc":{"start":{"line":16,"column":42},"end":{"line":35,"column":5}},"line":16}},"branchMap":{"0":{"loc":{"start":{"line":20,"column":6},"end":{"line":29,"column":7}},"type":"if","locations":[{"start":{"line":20,"column":6},"end":{"line":29,"column":7}},{"start":{},"end":{}}],"line":20},"1":{"loc":{"start":{"line":20,"column":11},"end":{"line":20,"column":49}},"type":"binary-expr","locations":[{"start":{"line":20,"column":12},"end":{"line":20,"column":24}},{"start":{"line":20,"column":30},"end":{"line":20,"column":48}}],"line":20},"2":{"loc":{"start":{"line":22,"column":8},"end":{"line":24,"column":9}},"type":"if","locations":[{"start":{"line":22,"column":8},"end":{"line":24,"column":9}},{"start":{},"end":{}}],"line":22},"3":{"loc":{"start":{"line":31,"column":6},"end":{"line":33,"column":7}},"type":"if","locations":[{"start":{"line":31,"column":6},"end":{"line":33,"column":7}},{"start":{},"end":{}}],"line":31}},"s":{"0":1,"1":1,"2":1,"3":1,"4":2,"5":2,"6":2,"7":2,"8":3,"9":23,"10":23,"11":3,"12":1,"13":3,"14":3,"15":23,"16":1},"f":{"0":2,"1":3,"2":23},"b":{"0":[3,20],"1":[23,20],"2":[1,2],"3":[1,22]},"_coverageSchema":"1a1c01bbd47fc00a2c39e90264f33305004495a9","hash":"276c42ee5b78ce5ab00241a7e048a2e17bf151ee"}
,"C:\\code\\learning\\rsnode\\02-jest-tests\\src\\streamfunctions\\atbash.js": {"path":"C:\\code\\learning\\rsnode\\02-jest-tests\\src\\streamfunctions\\atbash.js","statementMap":{"0":{"start":{"line":2,"column":16},"end":{"line":2,"column":29}},"1":{"start":{"line":3,"column":27},"end":{"line":3,"column":29}},"2":{"start":{"line":5,"column":4},"end":{"line":14,"column":5}},"3":{"start":{"line":6,"column":27},"end":{"line":6,"column":48}},"4":{"start":{"line":8,"column":6},"end":{"line":13,"column":47}},"5":{"start":{"line":9,"column":8},"end":{"line":9,"column":82}},"6":{"start":{"line":11,"column":14},"end":{"line":13,"column":47}},"7":{"start":{"line":12,"column":10},"end":{"line":12,"column":85}},"8":{"start":{"line":13,"column":15},"end":{"line":13,"column":47}},"9":{"start":{"line":16,"column":4},"end":{"line":16,"column":37}},"10":{"start":{"line":19,"column":0},"end":{"line":19,"column":32}}},"fnMap":{"0":{"name":"atbashFunc","decl":{"start":{"line":1,"column":9},"end":{"line":1,"column":19}},"loc":{"start":{"line":1,"column":25},"end":{"line":17,"column":1}},"line":1}},"branchMap":{"0":{"loc":{"start":{"line":8,"column":6},"end":{"line":13,"column":47}},"type":"if","locations":[{"start":{"line":8,"column":6},"end":{"line":13,"column":47}},{"start":{"line":11,"column":14},"end":{"line":13,"column":47}}],"line":8},"1":{"loc":{"start":{"line":8,"column":10},"end":{"line":8,"column":52}},"type":"binary-expr","locations":[{"start":{"line":8,"column":10},"end":{"line":8,"column":29}},{"start":{"line":8,"column":33},"end":{"line":8,"column":52}}],"line":8},"2":{"loc":{"start":{"line":11,"column":14},"end":{"line":13,"column":47}},"type":"if","locations":[{"start":{"line":11,"column":14},"end":{"line":13,"column":47}},{"start":{"line":13,"column":15},"end":{"line":13,"column":47}}],"line":11},"3":{"loc":{"start":{"line":11,"column":18},"end":{"line":11,"column":61}},"type":"binary-expr","locations":[{"start":{"line":11,"column":18},"end":{"line":11,"column":37}},{"start":{"line":11,"column":41},"end":{"line":11,"column":61}}],"line":11}},"s":{"0":1,"1":1,"2":1,"3":4,"4":4,"5":1,"6":3,"7":2,"8":1,"9":1,"10":1},"f":{"0":1},"b":{"0":[1,3],"1":[4,3],"2":[2,1],"3":[3,2]},"_coverageSchema":"1a1c01bbd47fc00a2c39e90264f33305004495a9","hash":"1de8918336c4240baf8f18e1bf8631675aa65d01"}
,"C:\\code\\learning\\rsnode\\02-jest-tests\\src\\streamfunctions\\caesar.js": {"path":"C:\\code\\learning\\rsnode\\02-jest-tests\\src\\streamfunctions\\caesar.js","statementMap":{"0":{"start":{"line":2,"column":16},"end":{"line":2,"column":29}},"1":{"start":{"line":3,"column":27},"end":{"line":3,"column":29}},"2":{"start":{"line":5,"column":4},"end":{"line":18,"column":5}},"3":{"start":{"line":6,"column":27},"end":{"line":6,"column":48}},"4":{"start":{"line":8,"column":6},"end":{"line":17,"column":45}},"5":{"start":{"line":12,"column":8},"end":{"line":12,"column":71}},"6":{"start":{"line":13,"column":13},"end":{"line":17,"column":45}},"7":{"start":{"line":14,"column":8},"end":{"line":14,"column":35}},"8":{"start":{"line":15,"column":13},"end":{"line":17,"column":45}},"9":{"start":{"line":16,"column":8},"end":{"line":16,"column":35}},"10":{"start":{"line":17,"column":13},"end":{"line":17,"column":45}},"11":{"start":{"line":20,"column":4},"end":{"line":20,"column":37}},"12":{"start":{"line":23,"column":0},"end":{"line":23,"column":32}}},"fnMap":{"0":{"name":"caesarFunc","decl":{"start":{"line":1,"column":9},"end":{"line":1,"column":19}},"loc":{"start":{"line":1,"column":25},"end":{"line":21,"column":1}},"line":1}},"branchMap":{"0":{"loc":{"start":{"line":8,"column":6},"end":{"line":17,"column":45}},"type":"if","locations":[{"start":{"line":8,"column":6},"end":{"line":17,"column":45}},{"start":{"line":13,"column":13},"end":{"line":17,"column":45}}],"line":8},"1":{"loc":{"start":{"line":9,"column":8},"end":{"line":10,"column":53}},"type":"binary-expr","locations":[{"start":{"line":9,"column":9},"end":{"line":9,"column":28}},{"start":{"line":9,"column":32},"end":{"line":9,"column":51}},{"start":{"line":10,"column":9},"end":{"line":10,"column":28}},{"start":{"line":10,"column":32},"end":{"line":10,"column":52}}],"line":9},"2":{"loc":{"start":{"line":13,"column":13},"end":{"line":17,"column":45}},"type":"if","locations":[{"start":{"line":13,"column":13},"end":{"line":17,"column":45}},{"start":{"line":15,"column":13},"end":{"line":17,"column":45}}],"line":13},"3":{"loc":{"start":{"line":15,"column":13},"end":{"line":17,"column":45}},"type":"if","locations":[{"start":{"line":15,"column":13},"end":{"line":17,"column":45}},{"start":{"line":17,"column":13},"end":{"line":17,"column":45}}],"line":15}},"s":{"0":1,"1":1,"2":1,"3":9,"4":9,"5":6,"6":3,"7":1,"8":2,"9":1,"10":1,"11":1,"12":1},"f":{"0":1},"b":{"0":[6,3],"1":[9,8,6,4],"2":[1,2],"3":[1,1]},"_coverageSchema":"1a1c01bbd47fc00a2c39e90264f33305004495a9","hash":"1620e0f7c65c795003468fa078f3846e7b6d5211"}
,"C:\\code\\learning\\rsnode\\02-jest-tests\\src\\streamfunctions\\caesardec.js": {"path":"C:\\code\\learning\\rsnode\\02-jest-tests\\src\\streamfunctions\\caesardec.js","statementMap":{"0":{"start":{"line":2,"column":16},"end":{"line":2,"column":29}},"1":{"start":{"line":3,"column":27},"end":{"line":3,"column":29}},"2":{"start":{"line":5,"column":4},"end":{"line":18,"column":5}},"3":{"start":{"line":6,"column":27},"end":{"line":6,"column":48}},"4":{"start":{"line":8,"column":6},"end":{"line":17,"column":45}},"5":{"start":{"line":12,"column":8},"end":{"line":12,"column":71}},"6":{"start":{"line":13,"column":13},"end":{"line":17,"column":45}},"7":{"start":{"line":14,"column":8},"end":{"line":14,"column":35}},"8":{"start":{"line":15,"column":13},"end":{"line":17,"column":45}},"9":{"start":{"line":16,"column":8},"end":{"line":16,"column":35}},"10":{"start":{"line":17,"column":13},"end":{"line":17,"column":45}},"11":{"start":{"line":20,"column":4},"end":{"line":20,"column":37}},"12":{"start":{"line":23,"column":0},"end":{"line":23,"column":35}}},"fnMap":{"0":{"name":"caesarDecFunc","decl":{"start":{"line":1,"column":9},"end":{"line":1,"column":22}},"loc":{"start":{"line":1,"column":28},"end":{"line":21,"column":1}},"line":1}},"branchMap":{"0":{"loc":{"start":{"line":8,"column":6},"end":{"line":17,"column":45}},"type":"if","locations":[{"start":{"line":8,"column":6},"end":{"line":17,"column":45}},{"start":{"line":13,"column":13},"end":{"line":17,"column":45}}],"line":8},"1":{"loc":{"start":{"line":9,"column":8},"end":{"line":10,"column":53}},"type":"binary-expr","locations":[{"start":{"line":9,"column":9},"end":{"line":9,"column":28}},{"start":{"line":9,"column":32},"end":{"line":9,"column":51}},{"start":{"line":10,"column":9},"end":{"line":10,"column":28}},{"start":{"line":10,"column":32},"end":{"line":10,"column":52}}],"line":9},"2":{"loc":{"start":{"line":13,"column":13},"end":{"line":17,"column":45}},"type":"if","locations":[{"start":{"line":13,"column":13},"end":{"line":17,"column":45}},{"start":{"line":15,"column":13},"end":{"line":17,"column":45}}],"line":13},"3":{"loc":{"start":{"line":15,"column":13},"end":{"line":17,"column":45}},"type":"if","locations":[{"start":{"line":15,"column":13},"end":{"line":17,"column":45}},{"start":{"line":17,"column":13},"end":{"line":17,"column":45}}],"line":15}},"s":{"0":1,"1":1,"2":1,"3":9,"4":9,"5":6,"6":3,"7":1,"8":2,"9":1,"10":1,"11":1,"12":1},"f":{"0":1},"b":{"0":[6,3],"1":[9,7,6,3],"2":[1,2],"3":[1,1]},"_coverageSchema":"1a1c01bbd47fc00a2c39e90264f33305004495a9","hash":"a48c99884c098950a536ad0a03fff67524a7f18d"}
,"C:\\code\\learning\\rsnode\\02-jest-tests\\src\\streamfunctions\\rot8.js": {"path":"C:\\code\\learning\\rsnode\\02-jest-tests\\src\\streamfunctions\\rot8.js","statementMap":{"0":{"start":{"line":2,"column":16},"end":{"line":2,"column":29}},"1":{"start":{"line":3,"column":27},"end":{"line":3,"column":29}},"2":{"start":{"line":5,"column":4},"end":{"line":18,"column":5}},"3":{"start":{"line":6,"column":27},"end":{"line":6,"column":48}},"4":{"start":{"line":8,"column":6},"end":{"line":17,"column":45}},"5":{"start":{"line":12,"column":8},"end":{"line":12,"column":71}},"6":{"start":{"line":13,"column":13},"end":{"line":17,"column":45}},"7":{"start":{"line":14,"column":8},"end":{"line":14,"column":72}},"8":{"start":{"line":15,"column":13},"end":{"line":17,"column":45}},"9":{"start":{"line":16,"column":8},"end":{"line":16,"column":72}},"10":{"start":{"line":17,"column":13},"end":{"line":17,"column":45}},"11":{"start":{"line":20,"column":4},"end":{"line":20,"column":37}},"12":{"start":{"line":23,"column":0},"end":{"line":23,"column":28}}},"fnMap":{"0":{"name":"rot8Func","decl":{"start":{"line":1,"column":9},"end":{"line":1,"column":17}},"loc":{"start":{"line":1,"column":23},"end":{"line":21,"column":1}},"line":1}},"branchMap":{"0":{"loc":{"start":{"line":8,"column":6},"end":{"line":17,"column":45}},"type":"if","locations":[{"start":{"line":8,"column":6},"end":{"line":17,"column":45}},{"start":{"line":13,"column":13},"end":{"line":17,"column":45}}],"line":8},"1":{"loc":{"start":{"line":9,"column":8},"end":{"line":10,"column":53}},"type":"binary-expr","locations":[{"start":{"line":9,"column":9},"end":{"line":9,"column":28}},{"start":{"line":9,"column":32},"end":{"line":9,"column":51}},{"start":{"line":10,"column":9},"end":{"line":10,"column":28}},{"start":{"line":10,"column":32},"end":{"line":10,"column":52}}],"line":9},"2":{"loc":{"start":{"line":13,"column":13},"end":{"line":17,"column":45}},"type":"if","locations":[{"start":{"line":13,"column":13},"end":{"line":17,"column":45}},{"start":{"line":15,"column":13},"end":{"line":17,"column":45}}],"line":13},"3":{"loc":{"start":{"line":13,"column":17},"end":{"line":13,"column":59}},"type":"binary-expr","locations":[{"start":{"line":13,"column":17},"end":{"line":13,"column":36}},{"start":{"line":13,"column":40},"end":{"line":13,"column":59}}],"line":13},"4":{"loc":{"start":{"line":15,"column":13},"end":{"line":17,"column":45}},"type":"if","locations":[{"start":{"line":15,"column":13},"end":{"line":17,"column":45}},{"start":{"line":17,"column":13},"end":{"line":17,"column":45}}],"line":15},"5":{"loc":{"start":{"line":15,"column":17},"end":{"line":15,"column":61}},"type":"binary-expr","locations":[{"start":{"line":15,"column":17},"end":{"line":15,"column":37}},{"start":{"line":15,"column":41},"end":{"line":15,"column":61}}],"line":15}},"s":{"0":1,"1":1,"2":1,"3":9,"4":9,"5":6,"6":3,"7":1,"8":2,"9":1,"10":1,"11":1,"12":1},"f":{"0":1},"b":{"0":[6,3],"1":[9,8,6,4],"2":[1,2],"3":[3,2],"4":[1,1],"5":[2,1]},"_coverageSchema":"1a1c01bbd47fc00a2c39e90264f33305004495a9","hash":"3f126587760ac2ffd1908d5a5fd63cd9f09d2eda"}
,"C:\\code\\learning\\rsnode\\02-jest-tests\\src\\streamfunctions\\rot8dec.js": {"path":"C:\\code\\learning\\rsnode\\02-jest-tests\\src\\streamfunctions\\rot8dec.js","statementMap":{"0":{"start":{"line":2,"column":16},"end":{"line":2,"column":29}},"1":{"start":{"line":3,"column":27},"end":{"line":3,"column":29}},"2":{"start":{"line":5,"column":4},"end":{"line":18,"column":5}},"3":{"start":{"line":6,"column":27},"end":{"line":6,"column":48}},"4":{"start":{"line":8,"column":6},"end":{"line":17,"column":45}},"5":{"start":{"line":12,"column":8},"end":{"line":12,"column":71}},"6":{"start":{"line":13,"column":13},"end":{"line":17,"column":45}},"7":{"start":{"line":14,"column":8},"end":{"line":14,"column":72}},"8":{"start":{"line":15,"column":13},"end":{"line":17,"column":45}},"9":{"start":{"line":16,"column":8},"end":{"line":16,"column":72}},"10":{"start":{"line":17,"column":13},"end":{"line":17,"column":45}},"11":{"start":{"line":20,"column":4},"end":{"line":20,"column":37}},"12":{"start":{"line":23,"column":0},"end":{"line":23,"column":33}}},"fnMap":{"0":{"name":"rot8DecFunc","decl":{"start":{"line":1,"column":9},"end":{"line":1,"column":20}},"loc":{"start":{"line":1,"column":26},"end":{"line":21,"column":1}},"line":1}},"branchMap":{"0":{"loc":{"start":{"line":8,"column":6},"end":{"line":17,"column":45}},"type":"if","locations":[{"start":{"line":8,"column":6},"end":{"line":17,"column":45}},{"start":{"line":13,"column":13},"end":{"line":17,"column":45}}],"line":8},"1":{"loc":{"start":{"line":9,"column":8},"end":{"line":10,"column":54}},"type":"binary-expr","locations":[{"start":{"line":9,"column":9},"end":{"line":9,"column":28}},{"start":{"line":9,"column":32},"end":{"line":9,"column":51}},{"start":{"line":10,"column":9},"end":{"line":10,"column":29}},{"start":{"line":10,"column":33},"end":{"line":10,"column":53}}],"line":9},"2":{"loc":{"start":{"line":13,"column":13},"end":{"line":17,"column":45}},"type":"if","locations":[{"start":{"line":13,"column":13},"end":{"line":17,"column":45}},{"start":{"line":15,"column":13},"end":{"line":17,"column":45}}],"line":13},"3":{"loc":{"start":{"line":13,"column":17},"end":{"line":13,"column":59}},"type":"binary-expr","locations":[{"start":{"line":13,"column":17},"end":{"line":13,"column":36}},{"start":{"line":13,"column":40},"end":{"line":13,"column":59}}],"line":13},"4":{"loc":{"start":{"line":15,"column":13},"end":{"line":17,"column":45}},"type":"if","locations":[{"start":{"line":15,"column":13},"end":{"line":17,"column":45}},{"start":{"line":17,"column":13},"end":{"line":17,"column":45}}],"line":15},"5":{"loc":{"start":{"line":15,"column":17},"end":{"line":15,"column":60}},"type":"binary-expr","locations":[{"start":{"line":15,"column":17},"end":{"line":15,"column":36}},{"start":{"line":15,"column":40},"end":{"line":15,"column":60}}],"line":15}},"s":{"0":1,"1":1,"2":1,"3":9,"4":9,"5":2,"6":7,"7":3,"8":4,"9":3,"10":1,"11":1,"12":1},"f":{"0":1},"b":{"0":[2,7],"1":[9,5,8,1],"2":[3,4],"3":[7,6],"4":[3,1],"5":[4,3]},"_coverageSchema":"1a1c01bbd47fc00a2c39e90264f33305004495a9","hash":"bec2c35e31077577a3470e80b7fbc61c82aa403b"}
,"C:\\code\\learning\\rsnode\\02-jest-tests\\src\\streams\\transatbash.js": {"path":"C:\\code\\learning\\rsnode\\02-jest-tests\\src\\streams\\transatbash.js","statementMap":{"0":{"start":{"line":1,"column":22},"end":{"line":1,"column":39}},"1":{"start":{"line":2,"column":23},"end":{"line":2,"column":59}},"2":{"start":{"line":6,"column":4},"end":{"line":6,"column":12}},"3":{"start":{"line":9,"column":29},"end":{"line":9,"column":45}},"4":{"start":{"line":11,"column":29},"end":{"line":11,"column":57}},"5":{"start":{"line":12,"column":4},"end":{"line":12,"column":32}},"6":{"start":{"line":13,"column":4},"end":{"line":13,"column":15}},"7":{"start":{"line":18,"column":0},"end":{"line":18,"column":24}}},"fnMap":{"0":{"name":"(anonymous_0)","decl":{"start":{"line":5,"column":2},"end":{"line":5,"column":3}},"loc":{"start":{"line":5,"column":16},"end":{"line":7,"column":3}},"line":5},"1":{"name":"(anonymous_1)","decl":{"start":{"line":8,"column":2},"end":{"line":8,"column":3}},"loc":{"start":{"line":8,"column":40},"end":{"line":14,"column":3}},"line":8}},"branchMap":{},"s":{"0":0,"1":0,"2":0,"3":0,"4":0,"5":0,"6":0,"7":0},"f":{"0":0,"1":0},"b":{}}
,"C:\\code\\learning\\rsnode\\02-jest-tests\\src\\streams\\transcaesar.js": {"path":"C:\\code\\learning\\rsnode\\02-jest-tests\\src\\streams\\transcaesar.js","statementMap":{"0":{"start":{"line":1,"column":22},"end":{"line":1,"column":39}},"1":{"start":{"line":2,"column":23},"end":{"line":2,"column":59}},"2":{"start":{"line":6,"column":4},"end":{"line":6,"column":12}},"3":{"start":{"line":9,"column":29},"end":{"line":9,"column":45}},"4":{"start":{"line":10,"column":29},"end":{"line":10,"column":57}},"5":{"start":{"line":12,"column":4},"end":{"line":12,"column":32}},"6":{"start":{"line":13,"column":4},"end":{"line":13,"column":15}},"7":{"start":{"line":18,"column":0},"end":{"line":18,"column":29}}},"fnMap":{"0":{"name":"(anonymous_0)","decl":{"start":{"line":5,"column":2},"end":{"line":5,"column":3}},"loc":{"start":{"line":5,"column":16},"end":{"line":7,"column":3}},"line":5},"1":{"name":"(anonymous_1)","decl":{"start":{"line":8,"column":2},"end":{"line":8,"column":3}},"loc":{"start":{"line":8,"column":40},"end":{"line":14,"column":3}},"line":8}},"branchMap":{},"s":{"0":0,"1":0,"2":0,"3":0,"4":0,"5":0,"6":0,"7":0},"f":{"0":0,"1":0},"b":{}}
,"C:\\code\\learning\\rsnode\\02-jest-tests\\src\\streams\\transcaesardec.js": {"path":"C:\\code\\learning\\rsnode\\02-jest-tests\\src\\streams\\transcaesardec.js","statementMap":{"0":{"start":{"line":1,"column":22},"end":{"line":1,"column":39}},"1":{"start":{"line":2,"column":26},"end":{"line":2,"column":65}},"2":{"start":{"line":8,"column":4},"end":{"line":8,"column":12}},"3":{"start":{"line":12,"column":29},"end":{"line":12,"column":45}},"4":{"start":{"line":14,"column":29},"end":{"line":14,"column":60}},"5":{"start":{"line":15,"column":4},"end":{"line":15,"column":32}},"6":{"start":{"line":17,"column":4},"end":{"line":17,"column":15}},"7":{"start":{"line":22,"column":0},"end":{"line":22,"column":32}}},"fnMap":{"0":{"name":"(anonymous_0)","decl":{"start":{"line":7,"column":2},"end":{"line":7,"column":3}},"loc":{"start":{"line":7,"column":16},"end":{"line":9,"column":3}},"line":7},"1":{"name":"(anonymous_1)","decl":{"start":{"line":11,"column":2},"end":{"line":11,"column":3}},"loc":{"start":{"line":11,"column":40},"end":{"line":18,"column":3}},"line":11}},"branchMap":{},"s":{"0":0,"1":0,"2":0,"3":0,"4":0,"5":0,"6":0,"7":0},"f":{"0":0,"1":0},"b":{}}
,"C:\\code\\learning\\rsnode\\02-jest-tests\\src\\streams\\transrot8.js": {"path":"C:\\code\\learning\\rsnode\\02-jest-tests\\src\\streams\\transrot8.js","statementMap":{"0":{"start":{"line":1,"column":22},"end":{"line":1,"column":39}},"1":{"start":{"line":2,"column":21},"end":{"line":2,"column":55}},"2":{"start":{"line":7,"column":4},"end":{"line":7,"column":12}},"3":{"start":{"line":10,"column":29},"end":{"line":10,"column":45}},"4":{"start":{"line":12,"column":29},"end":{"line":12,"column":55}},"5":{"start":{"line":13,"column":4},"end":{"line":13,"column":32}},"6":{"start":{"line":14,"column":4},"end":{"line":14,"column":15}},"7":{"start":{"line":19,"column":0},"end":{"line":19,"column":27}}},"fnMap":{"0":{"name":"(anonymous_0)","decl":{"start":{"line":6,"column":2},"end":{"line":6,"column":3}},"loc":{"start":{"line":6,"column":16},"end":{"line":8,"column":3}},"line":6},"1":{"name":"(anonymous_1)","decl":{"start":{"line":9,"column":2},"end":{"line":9,"column":3}},"loc":{"start":{"line":9,"column":40},"end":{"line":15,"column":3}},"line":9}},"branchMap":{},"s":{"0":0,"1":0,"2":0,"3":0,"4":0,"5":0,"6":0,"7":0},"f":{"0":0,"1":0},"b":{}}
,"C:\\code\\learning\\rsnode\\02-jest-tests\\src\\streams\\transrot8dec.js": {"path":"C:\\code\\learning\\rsnode\\02-jest-tests\\src\\streams\\transrot8dec.js","statementMap":{"0":{"start":{"line":1,"column":22},"end":{"line":1,"column":39}},"1":{"start":{"line":2,"column":24},"end":{"line":2,"column":61}},"2":{"start":{"line":6,"column":4},"end":{"line":6,"column":12}},"3":{"start":{"line":9,"column":29},"end":{"line":9,"column":45}},"4":{"start":{"line":11,"column":29},"end":{"line":11,"column":58}},"5":{"start":{"line":12,"column":4},"end":{"line":12,"column":32}},"6":{"start":{"line":13,"column":4},"end":{"line":13,"column":15}},"7":{"start":{"line":18,"column":0},"end":{"line":18,"column":30}}},"fnMap":{"0":{"name":"(anonymous_0)","decl":{"start":{"line":5,"column":2},"end":{"line":5,"column":3}},"loc":{"start":{"line":5,"column":16},"end":{"line":7,"column":3}},"line":5},"1":{"name":"(anonymous_1)","decl":{"start":{"line":8,"column":2},"end":{"line":8,"column":3}},"loc":{"start":{"line":8,"column":40},"end":{"line":14,"column":3}},"line":8}},"branchMap":{},"s":{"0":0,"1":0,"2":0,"3":0,"4":0,"5":0,"6":0,"7":0},"f":{"0":0,"1":0},"b":{}}
}
