{"C:\\code\\learning\\rsnode\\02 jest tests\\src\\auth.js": {"path":"C:\\code\\learning\\rsnode\\02 jest tests\\src\\auth.js","statementMap":{"0":{"start":{"line":1,"column":0},"end":{"line":8,"column":1}},"1":{"start":{"line":3,"column":25},"end":{"line":6,"column":5}}},"fnMap":{"0":{"name":"(anonymous_0)","decl":{"start":{"line":3,"column":18},"end":{"line":3,"column":19}},"loc":{"start":{"line":3,"column":25},"end":{"line":6,"column":5}},"line":3}},"branchMap":{},"s":{"0":1,"1":1},"f":{"0":1},"b":{},"_coverageSchema":"1a1c01bbd47fc00a2c39e90264f33305004495a9","hash":"109806c379f3430ea898211caea2b20d513d4c15"}
,"C:\\code\\learning\\rsnode\\02 jest tests\\src\\streamfunctions\\atbash.js": {"path":"C:\\code\\learning\\rsnode\\02 jest tests\\src\\streamfunctions\\atbash.js","statementMap":{"0":{"start":{"line":2,"column":16},"end":{"line":2,"column":29}},"1":{"start":{"line":3,"column":27},"end":{"line":3,"column":29}},"2":{"start":{"line":5,"column":4},"end":{"line":14,"column":5}},"3":{"start":{"line":6,"column":27},"end":{"line":6,"column":48}},"4":{"start":{"line":8,"column":6},"end":{"line":13,"column":47}},"5":{"start":{"line":9,"column":8},"end":{"line":9,"column":82}},"6":{"start":{"line":11,"column":14},"end":{"line":13,"column":47}},"7":{"start":{"line":12,"column":10},"end":{"line":12,"column":85}},"8":{"start":{"line":13,"column":15},"end":{"line":13,"column":47}},"9":{"start":{"line":16,"column":4},"end":{"line":16,"column":37}},"10":{"start":{"line":19,"column":0},"end":{"line":19,"column":32}}},"fnMap":{"0":{"name":"atbashFunc","decl":{"start":{"line":1,"column":9},"end":{"line":1,"column":19}},"loc":{"start":{"line":1,"column":25},"end":{"line":17,"column":1}},"line":1}},"branchMap":{"0":{"loc":{"start":{"line":8,"column":6},"end":{"line":13,"column":47}},"type":"if","locations":[{"start":{"line":8,"column":6},"end":{"line":13,"column":47}},{"start":{"line":11,"column":14},"end":{"line":13,"column":47}}],"line":8},"1":{"loc":{"start":{"line":8,"column":10},"end":{"line":8,"column":52}},"type":"binary-expr","locations":[{"start":{"line":8,"column":10},"end":{"line":8,"column":29}},{"start":{"line":8,"column":33},"end":{"line":8,"column":52}}],"line":8},"2":{"loc":{"start":{"line":11,"column":14},"end":{"line":13,"column":47}},"type":"if","locations":[{"start":{"line":11,"column":14},"end":{"line":13,"column":47}},{"start":{"line":13,"column":15},"end":{"line":13,"column":47}}],"line":11},"3":{"loc":{"start":{"line":11,"column":18},"end":{"line":11,"column":61}},"type":"binary-expr","locations":[{"start":{"line":11,"column":18},"end":{"line":11,"column":37}},{"start":{"line":11,"column":41},"end":{"line":11,"column":61}}],"line":11}},"s":{"0":1,"1":1,"2":1,"3":4,"4":4,"5":1,"6":3,"7":2,"8":1,"9":1,"10":1},"f":{"0":1},"b":{"0":[1,3],"1":[4,3],"2":[2,1],"3":[3,2]},"_coverageSchema":"1a1c01bbd47fc00a2c39e90264f33305004495a9","hash":"a53c42ec8dce9bd61e0085dbd79e0b6d38a9e1fe"}
,"C:\\code\\learning\\rsnode\\02 jest tests\\src\\streamfunctions\\caesar.js": {"path":"C:\\code\\learning\\rsnode\\02 jest tests\\src\\streamfunctions\\caesar.js","statementMap":{"0":{"start":{"line":2,"column":16},"end":{"line":2,"column":29}},"1":{"start":{"line":3,"column":27},"end":{"line":3,"column":29}},"2":{"start":{"line":5,"column":4},"end":{"line":18,"column":5}},"3":{"start":{"line":6,"column":27},"end":{"line":6,"column":48}},"4":{"start":{"line":8,"column":6},"end":{"line":17,"column":45}},"5":{"start":{"line":12,"column":8},"end":{"line":12,"column":71}},"6":{"start":{"line":13,"column":13},"end":{"line":17,"column":45}},"7":{"start":{"line":14,"column":8},"end":{"line":14,"column":35}},"8":{"start":{"line":15,"column":13},"end":{"line":17,"column":45}},"9":{"start":{"line":16,"column":8},"end":{"line":16,"column":35}},"10":{"start":{"line":17,"column":13},"end":{"line":17,"column":45}},"11":{"start":{"line":20,"column":4},"end":{"line":20,"column":37}},"12":{"start":{"line":23,"column":0},"end":{"line":23,"column":32}}},"fnMap":{"0":{"name":"caesarFunc","decl":{"start":{"line":1,"column":9},"end":{"line":1,"column":19}},"loc":{"start":{"line":1,"column":25},"end":{"line":21,"column":1}},"line":1}},"branchMap":{"0":{"loc":{"start":{"line":8,"column":6},"end":{"line":17,"column":45}},"type":"if","locations":[{"start":{"line":8,"column":6},"end":{"line":17,"column":45}},{"start":{"line":13,"column":13},"end":{"line":17,"column":45}}],"line":8},"1":{"loc":{"start":{"line":9,"column":8},"end":{"line":10,"column":53}},"type":"binary-expr","locations":[{"start":{"line":9,"column":9},"end":{"line":9,"column":28}},{"start":{"line":9,"column":32},"end":{"line":9,"column":51}},{"start":{"line":10,"column":9},"end":{"line":10,"column":28}},{"start":{"line":10,"column":32},"end":{"line":10,"column":52}}],"line":9},"2":{"loc":{"start":{"line":13,"column":13},"end":{"line":17,"column":45}},"type":"if","locations":[{"start":{"line":13,"column":13},"end":{"line":17,"column":45}},{"start":{"line":15,"column":13},"end":{"line":17,"column":45}}],"line":13},"3":{"loc":{"start":{"line":15,"column":13},"end":{"line":17,"column":45}},"type":"if","locations":[{"start":{"line":15,"column":13},"end":{"line":17,"column":45}},{"start":{"line":17,"column":13},"end":{"line":17,"column":45}}],"line":15}},"s":{"0":1,"1":1,"2":1,"3":9,"4":9,"5":6,"6":3,"7":1,"8":2,"9":1,"10":1,"11":1,"12":1},"f":{"0":1},"b":{"0":[6,3],"1":[9,8,6,4],"2":[1,2],"3":[1,1]},"_coverageSchema":"1a1c01bbd47fc00a2c39e90264f33305004495a9","hash":"3f5fe73fdc4e97c0ae61f08bf3817b6c8f295da8"}
,"C:\\code\\learning\\rsnode\\02 jest tests\\src\\streamfunctions\\caesardec.js": {"path":"C:\\code\\learning\\rsnode\\02 jest tests\\src\\streamfunctions\\caesardec.js","statementMap":{"0":{"start":{"line":2,"column":16},"end":{"line":2,"column":29}},"1":{"start":{"line":3,"column":27},"end":{"line":3,"column":29}},"2":{"start":{"line":5,"column":4},"end":{"line":18,"column":5}},"3":{"start":{"line":6,"column":27},"end":{"line":6,"column":48}},"4":{"start":{"line":8,"column":6},"end":{"line":17,"column":45}},"5":{"start":{"line":12,"column":8},"end":{"line":12,"column":71}},"6":{"start":{"line":13,"column":13},"end":{"line":17,"column":45}},"7":{"start":{"line":14,"column":8},"end":{"line":14,"column":35}},"8":{"start":{"line":15,"column":13},"end":{"line":17,"column":45}},"9":{"start":{"line":16,"column":8},"end":{"line":16,"column":35}},"10":{"start":{"line":17,"column":13},"end":{"line":17,"column":45}},"11":{"start":{"line":20,"column":4},"end":{"line":20,"column":37}},"12":{"start":{"line":23,"column":0},"end":{"line":23,"column":35}}},"fnMap":{"0":{"name":"caesarDecFunc","decl":{"start":{"line":1,"column":9},"end":{"line":1,"column":22}},"loc":{"start":{"line":1,"column":28},"end":{"line":21,"column":1}},"line":1}},"branchMap":{"0":{"loc":{"start":{"line":8,"column":6},"end":{"line":17,"column":45}},"type":"if","locations":[{"start":{"line":8,"column":6},"end":{"line":17,"column":45}},{"start":{"line":13,"column":13},"end":{"line":17,"column":45}}],"line":8},"1":{"loc":{"start":{"line":9,"column":8},"end":{"line":10,"column":53}},"type":"binary-expr","locations":[{"start":{"line":9,"column":9},"end":{"line":9,"column":28}},{"start":{"line":9,"column":32},"end":{"line":9,"column":51}},{"start":{"line":10,"column":9},"end":{"line":10,"column":28}},{"start":{"line":10,"column":32},"end":{"line":10,"column":52}}],"line":9},"2":{"loc":{"start":{"line":13,"column":13},"end":{"line":17,"column":45}},"type":"if","locations":[{"start":{"line":13,"column":13},"end":{"line":17,"column":45}},{"start":{"line":15,"column":13},"end":{"line":17,"column":45}}],"line":13},"3":{"loc":{"start":{"line":15,"column":13},"end":{"line":17,"column":45}},"type":"if","locations":[{"start":{"line":15,"column":13},"end":{"line":17,"column":45}},{"start":{"line":17,"column":13},"end":{"line":17,"column":45}}],"line":15}},"s":{"0":1,"1":1,"2":1,"3":9,"4":9,"5":6,"6":3,"7":1,"8":2,"9":1,"10":1,"11":1,"12":1},"f":{"0":1},"b":{"0":[6,3],"1":[9,7,6,3],"2":[1,2],"3":[1,1]},"_coverageSchema":"1a1c01bbd47fc00a2c39e90264f33305004495a9","hash":"0ca7095da3a9e254e2098db5259c4101d43b6dd4"}
,"C:\\code\\learning\\rsnode\\02 jest tests\\src\\streamfunctions\\rot8.js": {"path":"C:\\code\\learning\\rsnode\\02 jest tests\\src\\streamfunctions\\rot8.js","statementMap":{"0":{"start":{"line":2,"column":16},"end":{"line":2,"column":29}},"1":{"start":{"line":3,"column":27},"end":{"line":3,"column":29}},"2":{"start":{"line":5,"column":4},"end":{"line":18,"column":5}},"3":{"start":{"line":6,"column":27},"end":{"line":6,"column":48}},"4":{"start":{"line":8,"column":6},"end":{"line":17,"column":45}},"5":{"start":{"line":12,"column":8},"end":{"line":12,"column":71}},"6":{"start":{"line":13,"column":13},"end":{"line":17,"column":45}},"7":{"start":{"line":14,"column":8},"end":{"line":14,"column":72}},"8":{"start":{"line":15,"column":13},"end":{"line":17,"column":45}},"9":{"start":{"line":16,"column":8},"end":{"line":16,"column":72}},"10":{"start":{"line":17,"column":13},"end":{"line":17,"column":45}},"11":{"start":{"line":20,"column":4},"end":{"line":20,"column":37}},"12":{"start":{"line":23,"column":0},"end":{"line":23,"column":28}}},"fnMap":{"0":{"name":"rot8Func","decl":{"start":{"line":1,"column":9},"end":{"line":1,"column":17}},"loc":{"start":{"line":1,"column":23},"end":{"line":21,"column":1}},"line":1}},"branchMap":{"0":{"loc":{"start":{"line":8,"column":6},"end":{"line":17,"column":45}},"type":"if","locations":[{"start":{"line":8,"column":6},"end":{"line":17,"column":45}},{"start":{"line":13,"column":13},"end":{"line":17,"column":45}}],"line":8},"1":{"loc":{"start":{"line":9,"column":8},"end":{"line":10,"column":53}},"type":"binary-expr","locations":[{"start":{"line":9,"column":9},"end":{"line":9,"column":28}},{"start":{"line":9,"column":32},"end":{"line":9,"column":51}},{"start":{"line":10,"column":9},"end":{"line":10,"column":28}},{"start":{"line":10,"column":32},"end":{"line":10,"column":52}}],"line":9},"2":{"loc":{"start":{"line":13,"column":13},"end":{"line":17,"column":45}},"type":"if","locations":[{"start":{"line":13,"column":13},"end":{"line":17,"column":45}},{"start":{"line":15,"column":13},"end":{"line":17,"column":45}}],"line":13},"3":{"loc":{"start":{"line":13,"column":17},"end":{"line":13,"column":59}},"type":"binary-expr","locations":[{"start":{"line":13,"column":17},"end":{"line":13,"column":36}},{"start":{"line":13,"column":40},"end":{"line":13,"column":59}}],"line":13},"4":{"loc":{"start":{"line":15,"column":13},"end":{"line":17,"column":45}},"type":"if","locations":[{"start":{"line":15,"column":13},"end":{"line":17,"column":45}},{"start":{"line":17,"column":13},"end":{"line":17,"column":45}}],"line":15},"5":{"loc":{"start":{"line":15,"column":17},"end":{"line":15,"column":61}},"type":"binary-expr","locations":[{"start":{"line":15,"column":17},"end":{"line":15,"column":37}},{"start":{"line":15,"column":41},"end":{"line":15,"column":61}}],"line":15}},"s":{"0":1,"1":1,"2":1,"3":9,"4":9,"5":6,"6":3,"7":1,"8":2,"9":1,"10":1,"11":1,"12":1},"f":{"0":1},"b":{"0":[6,3],"1":[9,8,6,4],"2":[1,2],"3":[3,2],"4":[1,1],"5":[2,1]},"_coverageSchema":"1a1c01bbd47fc00a2c39e90264f33305004495a9","hash":"d5b4b8b431d996f1b00e9c1efdd17ecfac8d7caf"}
,"C:\\code\\learning\\rsnode\\02 jest tests\\src\\streamfunctions\\rot8dec.js": {"path":"C:\\code\\learning\\rsnode\\02 jest tests\\src\\streamfunctions\\rot8dec.js","statementMap":{"0":{"start":{"line":2,"column":16},"end":{"line":2,"column":29}},"1":{"start":{"line":3,"column":27},"end":{"line":3,"column":29}},"2":{"start":{"line":5,"column":4},"end":{"line":18,"column":5}},"3":{"start":{"line":6,"column":27},"end":{"line":6,"column":48}},"4":{"start":{"line":8,"column":6},"end":{"line":17,"column":45}},"5":{"start":{"line":12,"column":8},"end":{"line":12,"column":71}},"6":{"start":{"line":13,"column":13},"end":{"line":17,"column":45}},"7":{"start":{"line":14,"column":8},"end":{"line":14,"column":72}},"8":{"start":{"line":15,"column":13},"end":{"line":17,"column":45}},"9":{"start":{"line":16,"column":8},"end":{"line":16,"column":72}},"10":{"start":{"line":17,"column":13},"end":{"line":17,"column":45}},"11":{"start":{"line":20,"column":4},"end":{"line":20,"column":37}},"12":{"start":{"line":23,"column":0},"end":{"line":23,"column":33}}},"fnMap":{"0":{"name":"rot8DecFunc","decl":{"start":{"line":1,"column":9},"end":{"line":1,"column":20}},"loc":{"start":{"line":1,"column":26},"end":{"line":21,"column":1}},"line":1}},"branchMap":{"0":{"loc":{"start":{"line":8,"column":6},"end":{"line":17,"column":45}},"type":"if","locations":[{"start":{"line":8,"column":6},"end":{"line":17,"column":45}},{"start":{"line":13,"column":13},"end":{"line":17,"column":45}}],"line":8},"1":{"loc":{"start":{"line":9,"column":8},"end":{"line":10,"column":54}},"type":"binary-expr","locations":[{"start":{"line":9,"column":9},"end":{"line":9,"column":28}},{"start":{"line":9,"column":32},"end":{"line":9,"column":51}},{"start":{"line":10,"column":9},"end":{"line":10,"column":29}},{"start":{"line":10,"column":33},"end":{"line":10,"column":53}}],"line":9},"2":{"loc":{"start":{"line":13,"column":13},"end":{"line":17,"column":45}},"type":"if","locations":[{"start":{"line":13,"column":13},"end":{"line":17,"column":45}},{"start":{"line":15,"column":13},"end":{"line":17,"column":45}}],"line":13},"3":{"loc":{"start":{"line":13,"column":17},"end":{"line":13,"column":59}},"type":"binary-expr","locations":[{"start":{"line":13,"column":17},"end":{"line":13,"column":36}},{"start":{"line":13,"column":40},"end":{"line":13,"column":59}}],"line":13},"4":{"loc":{"start":{"line":15,"column":13},"end":{"line":17,"column":45}},"type":"if","locations":[{"start":{"line":15,"column":13},"end":{"line":17,"column":45}},{"start":{"line":17,"column":13},"end":{"line":17,"column":45}}],"line":15},"5":{"loc":{"start":{"line":15,"column":17},"end":{"line":15,"column":60}},"type":"binary-expr","locations":[{"start":{"line":15,"column":17},"end":{"line":15,"column":36}},{"start":{"line":15,"column":40},"end":{"line":15,"column":60}}],"line":15}},"s":{"0":1,"1":1,"2":1,"3":9,"4":9,"5":2,"6":7,"7":3,"8":4,"9":3,"10":1,"11":1,"12":1},"f":{"0":1},"b":{"0":[2,7],"1":[9,5,8,1],"2":[3,4],"3":[7,6],"4":[3,1],"5":[4,3]},"_coverageSchema":"1a1c01bbd47fc00a2c39e90264f33305004495a9","hash":"8c9d8314d5f7a2f6a7e3e4384a3af822aa3786d3"}
}
