TN:
SF:src\auth.js
FN:3,(anonymous_0)
FNF:1
FNH:1
FNDA:1,(anonymous_0)
DA:1,1
DA:3,1
LF:2
LH:2
BRF:0
BRH:0
end_of_record
TN:
SF:src\streamfunctions\atbash.js
FN:1,atbashFunc
FNF:1
FNH:1
FNDA:1,atbashFunc
DA:2,1
DA:3,1
DA:5,1
DA:6,4
DA:8,4
DA:9,1
DA:11,3
DA:12,2
DA:13,1
DA:16,1
DA:19,1
LF:11
LH:11
BRDA:8,0,0,1
BRDA:8,0,1,3
BRDA:8,1,0,4
BRDA:8,1,1,3
BRDA:11,2,0,2
BRDA:11,2,1,1
BRDA:11,3,0,3
BRDA:11,3,1,2
BRF:8
BRH:8
end_of_record
TN:
SF:src\streamfunctions\caesar.js
FN:1,caesarFunc
FNF:1
FNH:1
FNDA:1,caesarFunc
DA:2,1
DA:3,1
DA:5,1
DA:6,9
DA:8,9
DA:12,6
DA:13,3
DA:14,1
DA:15,2
DA:16,1
DA:17,1
DA:20,1
DA:23,1
LF:13
LH:13
BRDA:8,0,0,6
BRDA:8,0,1,3
BRDA:9,1,0,9
BRDA:9,1,1,8
BRDA:9,1,2,6
BRDA:9,1,3,4
BRDA:13,2,0,1
BRDA:13,2,1,2
BRDA:15,3,0,1
BRDA:15,3,1,1
BRF:10
BRH:10
end_of_record
TN:
SF:src\streamfunctions\caesardec.js
FN:1,caesarDecFunc
FNF:1
FNH:1
FNDA:1,caesarDecFunc
DA:2,1
DA:3,1
DA:5,1
DA:6,9
DA:8,9
DA:12,6
DA:13,3
DA:14,1
DA:15,2
DA:16,1
DA:17,1
DA:20,1
DA:23,1
LF:13
LH:13
BRDA:8,0,0,6
BRDA:8,0,1,3
BRDA:9,1,0,9
BRDA:9,1,1,7
BRDA:9,1,2,6
BRDA:9,1,3,3
BRDA:13,2,0,1
BRDA:13,2,1,2
BRDA:15,3,0,1
BRDA:15,3,1,1
BRF:10
BRH:10
end_of_record
TN:
SF:src\streamfunctions\rot8.js
FN:1,rot8Func
FNF:1
FNH:1
FNDA:1,rot8Func
DA:2,1
DA:3,1
DA:5,1
DA:6,9
DA:8,9
DA:12,6
DA:13,3
DA:14,1
DA:15,2
DA:16,1
DA:17,1
DA:20,1
DA:23,1
LF:13
LH:13
BRDA:8,0,0,6
BRDA:8,0,1,3
BRDA:9,1,0,9
BRDA:9,1,1,8
BRDA:9,1,2,6
BRDA:9,1,3,4
BRDA:13,2,0,1
BRDA:13,2,1,2
BRDA:13,3,0,3
BRDA:13,3,1,2
BRDA:15,4,0,1
BRDA:15,4,1,1
BRDA:15,5,0,2
BRDA:15,5,1,1
BRF:14
BRH:14
end_of_record
TN:
SF:src\streamfunctions\rot8dec.js
FN:1,rot8DecFunc
FNF:1
FNH:1
FNDA:1,rot8DecFunc
DA:2,1
DA:3,1
DA:5,1
DA:6,9
DA:8,9
DA:12,2
DA:13,7
DA:14,3
DA:15,4
DA:16,3
DA:17,1
DA:20,1
DA:23,1
LF:13
LH:13
BRDA:8,0,0,2
BRDA:8,0,1,7
BRDA:9,1,0,9
BRDA:9,1,1,5
BRDA:9,1,2,8
BRDA:9,1,3,1
BRDA:13,2,0,3
BRDA:13,2,1,4
BRDA:13,3,0,7
BRDA:13,3,1,6
BRDA:15,4,0,3
BRDA:15,4,1,1
BRDA:15,5,0,4
BRDA:15,5,1,3
BRF:14
BRH:14
end_of_record
