TN:
SF:my_ciphering_cli.js
FN:41,(anonymous_0)
FNF:1
FNH:0
FNDA:0,(anonymous_0)
DA:2,0
DA:3,0
DA:5,0
DA:6,0
DA:8,0
DA:9,0
DA:11,0
DA:12,0
DA:15,0
DA:18,0
DA:22,0
DA:24,0
DA:25,0
DA:27,0
DA:28,0
DA:29,0
DA:31,0
DA:32,0
DA:33,0
DA:34,0
DA:35,0
DA:37,0
DA:42,0
DA:43,0
DA:44,0
DA:48,0
DA:49,0
DA:50,0
DA:52,0
DA:53,0
LF:30
LH:0
BRDA:27,0,0,0
BRDA:27,0,1,0
BRDA:31,1,0,0
BRDA:31,1,1,0
BRDA:33,2,0,0
BRDA:33,2,1,0
BRDA:42,3,0,0
BRDA:42,3,1,0
BRF:8
BRH:0
end_of_record
TN:
SF:src\configDecoder.js
FNF:0
FNH:0
DA:1,0
DA:2,0
DA:3,0
DA:4,0
DA:5,0
DA:7,0
DA:10,0
DA:34,0
DA:35,0
DA:36,0
DA:37,0
DA:40,0
DA:42,0
DA:43,0
DA:45,0
DA:47,0
DA:48,0
DA:49,0
DA:51,0
DA:52,0
DA:53,0
DA:55,0
DA:56,0
DA:57,0
DA:59,0
DA:60,0
DA:61,0
DA:63,0
DA:65,0
DA:66,0
DA:68,0
DA:73,0
LF:32
LH:0
BRDA:45,0,0,0
BRDA:45,0,1,0
BRDA:45,0,2,0
BRDA:45,0,3,0
BRDA:45,0,4,0
BRDA:45,0,5,0
BRF:6
BRH:0
end_of_record
TN:
SF:src\validatorconfig.js
FN:1,configValidate
FN:5,(anonymous_1)
FNF:2
FNH:0
FNDA:0,configValidate
FNDA:0,(anonymous_1)
DA:1,0
DA:3,0
DA:5,0
DA:7,0
DA:11,0
DA:14,0
DA:15,0
DA:16,0
DA:17,0
DA:19,0
DA:24,0
LF:11
LH:0
BRDA:7,0,0,0
BRDA:7,0,1,0
BRDA:8,1,0,0
BRDA:8,1,1,0
BRDA:14,2,0,0
BRDA:14,2,1,0
BRDA:16,3,0,0
BRDA:16,3,1,0
BRF:8
BRH:0
end_of_record
TN:
SF:src\validatorinput.js
FN:7,(anonymous_0)
FN:14,(anonymous_1)
FN:16,(anonymous_2)
FNF:3
FNH:3
FNDA:2,(anonymous_0)
FNDA:3,(anonymous_1)
FNDA:21,(anonymous_2)
DA:1,1
DA:2,1
DA:3,1
DA:5,1
DA:8,2
DA:9,2
DA:10,2
DA:16,3
DA:18,21
DA:20,21
DA:22,3
DA:23,1
DA:26,3
DA:27,3
DA:31,21
DA:32,1
LF:16
LH:16
BRDA:20,0,0,3
BRDA:20,0,1,18
BRDA:20,1,0,21
BRDA:20,1,1,18
BRDA:22,2,0,1
BRDA:22,2,1,2
BRDA:31,3,0,1
BRDA:31,3,1,20
BRF:8
BRH:8
end_of_record
TN:
SF:src\validatoroutput.js
FN:7,(anonymous_0)
FN:14,(anonymous_1)
FN:16,(anonymous_2)
FNF:3
FNH:3
FNDA:2,(anonymous_0)
FNDA:3,(anonymous_1)
FNDA:23,(anonymous_2)
DA:1,1
DA:2,1
DA:3,1
DA:5,1
DA:8,2
DA:9,2
DA:10,2
DA:11,2
DA:16,3
DA:18,23
DA:20,23
DA:22,3
DA:23,1
DA:26,3
DA:27,3
DA:31,23
DA:32,1
LF:17
LH:17
BRDA:20,0,0,3
BRDA:20,0,1,20
BRDA:20,1,0,23
BRDA:20,1,1,20
BRDA:22,2,0,1
BRDA:22,2,1,2
BRDA:31,3,0,1
BRDA:31,3,1,22
BRF:8
BRH:8
end_of_record
TN:
SF:src\streamfunctions\atbash.js
FN:1,atbashFunc
FNF:1
FNH:1
FNDA:1,atbashFunc
DA:2,1
DA:3,1
DA:5,1
DA:6,4
DA:8,4
DA:9,1
DA:11,3
DA:12,2
DA:13,1
DA:16,1
DA:19,1
LF:11
LH:11
BRDA:8,0,0,1
BRDA:8,0,1,3
BRDA:8,1,0,4
BRDA:8,1,1,3
BRDA:11,2,0,2
BRDA:11,2,1,1
BRDA:11,3,0,3
BRDA:11,3,1,2
BRF:8
BRH:8
end_of_record
TN:
SF:src\streamfunctions\caesar.js
FN:1,caesarFunc
FNF:1
FNH:1
FNDA:1,caesarFunc
DA:2,1
DA:3,1
DA:5,1
DA:6,9
DA:8,9
DA:12,6
DA:13,3
DA:14,1
DA:15,2
DA:16,1
DA:17,1
DA:20,1
DA:23,1
LF:13
LH:13
BRDA:8,0,0,6
BRDA:8,0,1,3
BRDA:9,1,0,9
BRDA:9,1,1,8
BRDA:9,1,2,6
BRDA:9,1,3,4
BRDA:13,2,0,1
BRDA:13,2,1,2
BRDA:15,3,0,1
BRDA:15,3,1,1
BRF:10
BRH:10
end_of_record
TN:
SF:src\streamfunctions\caesardec.js
FN:1,caesarDecFunc
FNF:1
FNH:1
FNDA:1,caesarDecFunc
DA:2,1
DA:3,1
DA:5,1
DA:6,9
DA:8,9
DA:12,6
DA:13,3
DA:14,1
DA:15,2
DA:16,1
DA:17,1
DA:20,1
DA:23,1
LF:13
LH:13
BRDA:8,0,0,6
BRDA:8,0,1,3
BRDA:9,1,0,9
BRDA:9,1,1,7
BRDA:9,1,2,6
BRDA:9,1,3,3
BRDA:13,2,0,1
BRDA:13,2,1,2
BRDA:15,3,0,1
BRDA:15,3,1,1
BRF:10
BRH:10
end_of_record
TN:
SF:src\streamfunctions\rot8.js
FN:1,rot8Func
FNF:1
FNH:1
FNDA:1,rot8Func
DA:2,1
DA:3,1
DA:5,1
DA:6,9
DA:8,9
DA:12,6
DA:13,3
DA:14,1
DA:15,2
DA:16,1
DA:17,1
DA:20,1
DA:23,1
LF:13
LH:13
BRDA:8,0,0,6
BRDA:8,0,1,3
BRDA:9,1,0,9
BRDA:9,1,1,8
BRDA:9,1,2,6
BRDA:9,1,3,4
BRDA:13,2,0,1
BRDA:13,2,1,2
BRDA:13,3,0,3
BRDA:13,3,1,2
BRDA:15,4,0,1
BRDA:15,4,1,1
BRDA:15,5,0,2
BRDA:15,5,1,1
BRF:14
BRH:14
end_of_record
TN:
SF:src\streamfunctions\rot8dec.js
FN:1,rot8DecFunc
FNF:1
FNH:1
FNDA:1,rot8DecFunc
DA:2,1
DA:3,1
DA:5,1
DA:6,9
DA:8,9
DA:12,2
DA:13,7
DA:14,3
DA:15,4
DA:16,3
DA:17,1
DA:20,1
DA:23,1
LF:13
LH:13
BRDA:8,0,0,2
BRDA:8,0,1,7
BRDA:9,1,0,9
BRDA:9,1,1,5
BRDA:9,1,2,8
BRDA:9,1,3,1
BRDA:13,2,0,3
BRDA:13,2,1,4
BRDA:13,3,0,7
BRDA:13,3,1,6
BRDA:15,4,0,3
BRDA:15,4,1,1
BRDA:15,5,0,4
BRDA:15,5,1,3
BRF:14
BRH:14
end_of_record
TN:
SF:src\streams\transatbash.js
FN:5,(anonymous_0)
FN:8,(anonymous_1)
FNF:2
FNH:0
FNDA:0,(anonymous_0)
FNDA:0,(anonymous_1)
DA:1,0
DA:2,0
DA:6,0
DA:9,0
DA:11,0
DA:12,0
DA:13,0
DA:18,0
LF:8
LH:0
BRF:0
BRH:0
end_of_record
TN:
SF:src\streams\transcaesar.js
FN:5,(anonymous_0)
FN:8,(anonymous_1)
FNF:2
FNH:0
FNDA:0,(anonymous_0)
FNDA:0,(anonymous_1)
DA:1,0
DA:2,0
DA:6,0
DA:9,0
DA:10,0
DA:12,0
DA:13,0
DA:18,0
LF:8
LH:0
BRF:0
BRH:0
end_of_record
TN:
SF:src\streams\transcaesardec.js
FN:7,(anonymous_0)
FN:11,(anonymous_1)
FNF:2
FNH:0
FNDA:0,(anonymous_0)
FNDA:0,(anonymous_1)
DA:1,0
DA:2,0
DA:8,0
DA:12,0
DA:14,0
DA:15,0
DA:17,0
DA:22,0
LF:8
LH:0
BRF:0
BRH:0
end_of_record
TN:
SF:src\streams\transrot8.js
FN:6,(anonymous_0)
FN:9,(anonymous_1)
FNF:2
FNH:0
FNDA:0,(anonymous_0)
FNDA:0,(anonymous_1)
DA:1,0
DA:2,0
DA:7,0
DA:10,0
DA:12,0
DA:13,0
DA:14,0
DA:19,0
LF:8
LH:0
BRF:0
BRH:0
end_of_record
TN:
SF:src\streams\transrot8dec.js
FN:5,(anonymous_0)
FN:8,(anonymous_1)
FNF:2
FNH:0
FNDA:0,(anonymous_0)
FNDA:0,(anonymous_1)
DA:1,0
DA:2,0
DA:6,0
DA:9,0
DA:11,0
DA:12,0
DA:13,0
DA:18,0
LF:8
LH:0
BRF:0
BRH:0
end_of_record
